# JRE version: OpenJDK Runtime Environment (11.0.13) (build 11.0.13+0-b1751.21-8125866)
# Java VM: OpenJDK 64-Bit Server VM (11.0.13+0-b1751.21-8125866, mixed mode, tiered, compressed oops, g1 gc, windows-amd64)
Heap:
 garbage-first heap   total 262144K, used 128998K [0x0000000080000000, 0x0000000100000000)
  region size 1024K, 6 young (6144K), 1 survivors (1024K)
 Metaspace       used 137080K, capacity 142139K, committed 142416K, reserved 1173504K
  class space    used 16755K, capacity 18593K, committed 18688K, reserved 1048576K
GC Heap History (20 events):
Event: 3200.648 GC heap before
{Heap before GC invocations=73 (full 0):
 garbage-first heap   total 262144K, used 148911K [0x0000000080000000, 0x0000000100000000)
  region size 1024K, 32 young (32768K), 2 survivors (2048K)
 Metaspace       used 136730K, capacity 141790K, committed 141904K, reserved 1173504K
  class space    used 16740K, capacity 18579K, committed 18688K, reserved 1048576K
}
Event: 3200.662 GC heap after
{Heap after GC invocations=74 (full 0):
 garbage-first heap   total 262144K, used 136421K [0x0000000080000000, 0x0000000100000000)
  region size 1024K, 8 young (8192K), 8 survivors (8192K)
 Metaspace       used 136730K, capacity 141790K, committed 141904K, reserved 1173504K
  class space    used 16740K, capacity 18579K, committed 18688K, reserved 1048576K
}
Event: 3201.957 GC heap before
{Heap before GC invocations=75 (full 0):
 garbage-first heap   total 262144K, used 198885K [0x0000000080000000, 0x0000000100000000)
  region size 1024K, 53 young (54272K), 8 survivors (8192K)
 Metaspace       used 136779K, capacity 141861K, committed 142160K, reserved 1173504K
  class space    used 16740K, capacity 18580K, committed 18688K, reserved 1048576K
}
Event: 3201.969 GC heap after
{Heap after GC invocations=76 (full 0):
 garbage-first heap   total 262144K, used 143520K [0x0000000080000000, 0x0000000100000000)
  region size 1024K, 7 young (7168K), 7 survivors (7168K)
 Metaspace       used 136779K, capacity 141861K, committed 142160K, reserved 1173504K
  class space    used 16740K, capacity 18580K, committed 18688K, reserved 1048576K
}
Event: 3201.979 GC heap before
{Heap before GC invocations=76 (full 0):
 garbage-first heap   total 262144K, used 148640K [0x0000000080000000, 0x0000000100000000)
  region size 1024K, 12 young (12288K), 7 survivors (7168K)
 Metaspace       used 136782K, capacity 141861K, committed 142160K, reserved 1173504K
  class space    used 16740K, capacity 18580K, committed 18688K, reserved 1048576K
}
Event: 3201.991 GC heap after
{Heap after GC invocations=77 (full 0):
 garbage-first heap   total 262144K, used 133423K [0x0000000080000000, 0x0000000100000000)
  region size 1024K, 1 young (1024K), 1 survivors (1024K)
 Metaspace       used 136782K, capacity 141861K, committed 142160K, reserved 1173504K
  class space    used 16740K, capacity 18580K, committed 18688K, reserved 1048576K
}
Event: 3202.108 GC heap before
{Heap before GC invocations=77 (full 0):
 garbage-first heap   total 262144K, used 150831K [0x0000000080000000, 0x0000000100000000)
  region size 1024K, 20 young (20480K), 1 survivors (1024K)
 Metaspace       used 136795K, capacity 141866K, committed 142160K, reserved 1173504K
  class space    used 16740K, capacity 18580K, committed 18688K, reserved 1048576K
}
Event: 3202.116 GC heap after
{Heap after GC invocations=78 (full 0):
 garbage-first heap   total 262144K, used 133864K [0x0000000080000000, 0x0000000100000000)
  region size 1024K, 2 young (2048K), 2 survivors (2048K)
 Metaspace       used 136795K, capacity 141866K, committed 142160K, reserved 1173504K
  class space    used 16740K, capacity 18580K, committed 18688K, reserved 1048576K
}
Event: 3269.467 GC heap before
{Heap before GC invocations=79 (full 0):
 garbage-first heap   total 262144K, used 189160K [0x0000000080000000, 0x0000000100000000)
  region size 1024K, 55 young (56320K), 2 survivors (2048K)
 Metaspace       used 136859K, capacity 141932K, committed 142160K, reserved 1173504K
  class space    used 16742K, capacity 18580K, committed 18688K, reserved 1048576K
}
Event: 3269.474 GC heap after
{Heap after GC invocations=80 (full 0):
 garbage-first heap   total 262144K, used 129685K [0x0000000080000000, 0x0000000100000000)
  region size 1024K, 7 young (7168K), 7 survivors (7168K)
 Metaspace       used 136859K, capacity 141932K, committed 142160K, reserved 1173504K
  class space    used 16742K, capacity 18580K, committed 18688K, reserved 1048576K
}
Event: 3269.494 GC heap before
{Heap before GC invocations=80 (full 0):
 garbage-first heap   total 262144K, used 133781K [0x0000000080000000, 0x0000000100000000)
  region size 1024K, 12 young (12288K), 7 survivors (7168K)
 Metaspace       used 136859K, capacity 141932K, committed 142160K, reserved 1173504K
  class space    used 16742K, capacity 18580K, committed 18688K, reserved 1048576K
}
Event: 3269.503 GC heap after
{Heap after GC invocations=81 (full 0):
 garbage-first heap   total 262144K, used 122641K [0x0000000080000000, 0x0000000100000000)
  region size 1024K, 2 young (2048K), 2 survivors (2048K)
 Metaspace       used 136859K, capacity 141932K, committed 142160K, reserved 1173504K
  class space    used 16742K, capacity 18580K, committed 18688K, reserved 1048576K
}
Event: 3269.628 GC heap before
{Heap before GC invocations=81 (full 0):
 garbage-first heap   total 262144K, used 149265K [0x0000000080000000, 0x0000000100000000)
  region size 1024K, 30 young (30720K), 2 survivors (2048K)
 Metaspace       used 136877K, capacity 141996K, committed 142160K, reserved 1173504K
  class space    used 16742K, capacity 18580K, committed 18688K, reserved 1048576K
}
Event: 3269.643 GC heap after
{Heap after GC invocations=82 (full 0):
 garbage-first heap   total 262144K, used 139264K [0x0000000080000000, 0x0000000100000000)
  region size 1024K, 8 young (8192K), 8 survivors (8192K)
 Metaspace       used 136877K, capacity 141996K, committed 142160K, reserved 1173504K
  class space    used 16742K, capacity 18580K, committed 18688K, reserved 1048576K
}
Event: 3271.134 GC heap before
{Heap before GC invocations=83 (full 0):
 garbage-first heap   total 262144K, used 198656K [0x0000000080000000, 0x0000000100000000)
  region size 1024K, 52 young (53248K), 8 survivors (8192K)
 Metaspace       used 136900K, capacity 141997K, committed 142160K, reserved 1173504K
  class space    used 16742K, capacity 18580K, committed 18688K, reserved 1048576K
}
Event: 3271.144 GC heap after
{Heap after GC invocations=84 (full 0):
 garbage-first heap   total 262144K, used 143859K [0x0000000080000000, 0x0000000100000000)
  region size 1024K, 7 young (7168K), 7 survivors (7168K)
 Metaspace       used 136900K, capacity 141997K, committed 142160K, reserved 1173504K
  class space    used 16742K, capacity 18580K, committed 18688K, reserved 1048576K
}
Event: 3271.149 GC heap before
{Heap before GC invocations=84 (full 0):
 garbage-first heap   total 262144K, used 147955K [0x0000000080000000, 0x0000000100000000)
  region size 1024K, 12 young (12288K), 7 survivors (7168K)
 Metaspace       used 136903K, capacity 141997K, committed 142160K, reserved 1173504K
  class space    used 16742K, capacity 18580K, committed 18688K, reserved 1048576K
}
Event: 3271.158 GC heap after
{Heap after GC invocations=85 (full 0):
 garbage-first heap   total 262144K, used 134096K [0x0000000080000000, 0x0000000100000000)
  region size 1024K, 1 young (1024K), 1 survivors (1024K)
 Metaspace       used 136903K, capacity 141997K, committed 142160K, reserved 1173504K
  class space    used 16742K, capacity 18580K, committed 18688K, reserved 1048576K
}
Event: 3271.257 GC heap before
{Heap before GC invocations=85 (full 0):
 garbage-first heap   total 262144K, used 152528K [0x0000000080000000, 0x0000000100000000)
  region size 1024K, 21 young (21504K), 1 survivors (1024K)
 Metaspace       used 136935K, capacity 142034K, committed 142160K, reserved 1173504K
  class space    used 16745K, capacity 18586K, committed 18688K, reserved 1048576K
}
Event: 3271.261 GC heap after
{Heap after GC invocations=86 (full 0):
 garbage-first heap   total 262144K, used 134369K [0x0000000080000000, 0x0000000100000000)
  region size 1024K, 2 young (2048K), 2 survivors (2048K)
 Metaspace       used 136935K, capacity 142034K, committed 142160K, reserved 1173504K
  class space    used 16745K, capacity 18586K, committed 18688K, reserved 1048576K
}

